2022-05-03 15:45:35.723  INFO 20224 --- [restartedMain] com.abc.gcsmsys.GcsmSysApplication       : Starting GcsmSysApplication using Java 1.8.0_111 on DESKTOP-1JLVSMQ with PID 20224 (D:\project\java\GCSM-Sys\target\classes started by Administrator in D:\project\java\GCSM-Sys)
2022-05-03 15:45:35.729  INFO 20224 --- [restartedMain] com.abc.gcsmsys.GcsmSysApplication       : No active profile set, falling back to default profiles: default
2022-05-03 15:45:35.819  INFO 20224 --- [restartedMain] .e.DevToolsPropertyDefaultsPostProcessor : Devtools property defaults active! Set 'spring.devtools.add-properties' to 'false' to disable
2022-05-03 15:45:35.820  INFO 20224 --- [restartedMain] .e.DevToolsPropertyDefaultsPostProcessor : For additional web related logging consider setting the 'logging.level.web' property to 'DEBUG'
2022-05-03 15:45:37.435  INFO 20224 --- [restartedMain] o.s.b.w.embedded.tomcat.TomcatWebServer  : Tomcat initialized with port(s): 8080 (http)
2022-05-03 15:45:37.446  INFO 20224 --- [restartedMain] o.apache.catalina.core.StandardService   : Starting service [Tomcat]
2022-05-03 15:45:37.446  INFO 20224 --- [restartedMain] org.apache.catalina.core.StandardEngine  : Starting Servlet engine: [Apache Tomcat/9.0.55]
2022-05-03 15:45:37.532  INFO 20224 --- [restartedMain] o.a.c.c.C.[Tomcat].[localhost].[/]       : Initializing Spring embedded WebApplicationContext
2022-05-03 15:45:37.533  INFO 20224 --- [restartedMain] w.s.c.ServletWebServerApplicationContext : Root WebApplicationContext: initialization completed in 1709 ms
2022-05-03 15:45:39.307  INFO 20224 --- [restartedMain] o.s.b.d.a.OptionalLiveReloadServer       : LiveReload server is running on port 35729
2022-05-03 15:45:41.494  INFO 20224 --- [restartedMain] o.s.b.w.embedded.tomcat.TomcatWebServer  : Tomcat started on port(s): 8080 (http) with context path ''
2022-05-03 15:45:41.988  INFO 20224 --- [restartedMain] com.abc.gcsmsys.GcsmSysApplication       : Started GcsmSysApplication in 6.763 seconds (JVM running for 8.36)
2022-05-03 15:46:43.014  INFO 20224 --- [http-nio-8080-exec-1] o.a.c.c.C.[Tomcat].[localhost].[/]       : Initializing Spring DispatcherServlet 'dispatcherServlet'
2022-05-03 15:46:43.014  INFO 20224 --- [http-nio-8080-exec-1] o.s.web.servlet.DispatcherServlet        : Initializing Servlet 'dispatcherServlet'
2022-05-03 15:46:43.016  INFO 20224 --- [http-nio-8080-exec-1] o.s.web.servlet.DispatcherServlet        : Completed initialization in 2 ms
2022-05-03 15:46:49.055  INFO 20224 --- [http-nio-8080-exec-2] com.zaxxer.hikari.HikariDataSource       : HikariPool-1 - Starting...
2022-05-03 15:46:49.236  INFO 20224 --- [http-nio-8080-exec-2] com.zaxxer.hikari.HikariDataSource       : HikariPool-1 - Start completed.
2022-05-03 15:46:49.502  INFO 20224 --- [http-nio-8080-exec-5] com.abc.gcsmsys.config.LoginInterceptor  : /gcsm/index
2022-05-03 15:46:49.503  INFO 20224 --- [http-nio-8080-exec-5] com.abc.gcsmsys.config.LoginInterceptor  : postHandle...
2022-05-03 15:46:49.584  INFO 20224 --- [http-nio-8080-exec-5] com.abc.gcsmsys.config.LoginInterceptor  : afterCompletion...
2022-05-03 15:46:50.405  INFO 20224 --- [http-nio-8080-exec-5] com.abc.gcsmsys.config.LoginInterceptor  : /gcsm/index
2022-05-03 15:46:50.406  INFO 20224 --- [http-nio-8080-exec-5] com.abc.gcsmsys.config.LoginInterceptor  : postHandle...
2022-05-03 15:46:50.429  INFO 20224 --- [http-nio-8080-exec-5] com.abc.gcsmsys.config.LoginInterceptor  : afterCompletion...
2022-05-03 15:46:59.630  INFO 20224 --- [http-nio-8080-exec-7] com.abc.gcsmsys.config.LoginInterceptor  : /gcsm/index
2022-05-03 15:46:59.630  INFO 20224 --- [http-nio-8080-exec-7] com.abc.gcsmsys.config.LoginInterceptor  : postHandle...
2022-05-03 15:46:59.647  INFO 20224 --- [http-nio-8080-exec-7] com.abc.gcsmsys.config.LoginInterceptor  : afterCompletion...
2022-05-03 15:47:08.651  INFO 20224 --- [http-nio-8080-exec-6] com.abc.gcsmsys.config.LoginInterceptor  : /gcsm/index
2022-05-03 15:47:08.651  INFO 20224 --- [http-nio-8080-exec-6] com.abc.gcsmsys.config.LoginInterceptor  : postHandle...
2022-05-03 15:47:08.669  INFO 20224 --- [http-nio-8080-exec-6] com.abc.gcsmsys.config.LoginInterceptor  : afterCompletion...
2022-05-03 15:47:09.170  INFO 20224 --- [http-nio-8080-exec-3] com.abc.gcsmsys.config.LoginInterceptor  : /gcsm/index
2022-05-03 15:47:09.171  INFO 20224 --- [http-nio-8080-exec-3] com.abc.gcsmsys.config.LoginInterceptor  : postHandle...
2022-05-03 15:47:09.182  INFO 20224 --- [http-nio-8080-exec-3] com.abc.gcsmsys.config.LoginInterceptor  : afterCompletion...
2022-05-03 15:47:10.958  INFO 20224 --- [http-nio-8080-exec-10] com.abc.gcsmsys.config.LoginInterceptor  : /gcsm/loadGrassRoots
2022-05-03 15:47:11.006  INFO 20224 --- [http-nio-8080-exec-10] com.abc.gcsmsys.config.LoginInterceptor  : postHandle...
2022-05-03 15:47:11.079  INFO 20224 --- [http-nio-8080-exec-10] com.abc.gcsmsys.config.LoginInterceptor  : afterCompletion...
2022-05-03 15:47:11.195  INFO 20224 --- [http-nio-8080-exec-8] com.abc.gcsmsys.config.LoginInterceptor  : /gcsm/images/details_open.png
2022-05-03 15:47:11.196  INFO 20224 --- [http-nio-8080-exec-8] com.abc.gcsmsys.config.LoginInterceptor  : postHandle...
2022-05-03 15:47:11.196  INFO 20224 --- [http-nio-8080-exec-8] com.abc.gcsmsys.config.LoginInterceptor  : afterCompletion...
2022-05-03 15:47:11.981  INFO 20224 --- [http-nio-8080-exec-4] com.abc.gcsmsys.config.LoginInterceptor  : /gcsm/loadGrassRoots
2022-05-03 15:47:11.998  INFO 20224 --- [http-nio-8080-exec-4] com.abc.gcsmsys.config.LoginInterceptor  : postHandle...
2022-05-03 15:47:12.020  INFO 20224 --- [http-nio-8080-exec-4] com.abc.gcsmsys.config.LoginInterceptor  : afterCompletion...
2022-05-03 15:47:13.131  INFO 20224 --- [http-nio-8080-exec-9] com.abc.gcsmsys.config.LoginInterceptor  : /gcsm/addGrassRoots
2022-05-03 15:47:13.132  INFO 20224 --- [http-nio-8080-exec-9] com.abc.gcsmsys.config.LoginInterceptor  : postHandle...
2022-05-03 15:47:13.144  INFO 20224 --- [http-nio-8080-exec-9] com.abc.gcsmsys.config.LoginInterceptor  : afterCompletion...
2022-05-03 15:47:13.410  INFO 20224 --- [http-nio-8080-exec-10] com.abc.gcsmsys.config.LoginInterceptor  : /gcsm/addGrassRoots
2022-05-03 15:47:13.410  INFO 20224 --- [http-nio-8080-exec-10] com.abc.gcsmsys.config.LoginInterceptor  : postHandle...
2022-05-03 15:47:13.422  INFO 20224 --- [http-nio-8080-exec-10] com.abc.gcsmsys.config.LoginInterceptor  : afterCompletion...
2022-05-03 15:47:20.253  INFO 20224 --- [http-nio-8080-exec-2] com.abc.gcsmsys.config.LoginInterceptor  : /gcsm/loadAct
2022-05-03 15:47:20.266  INFO 20224 --- [http-nio-8080-exec-2] com.abc.gcsmsys.config.LoginInterceptor  : postHandle...
2022-05-03 15:47:20.309  INFO 20224 --- [http-nio-8080-exec-2] com.abc.gcsmsys.config.LoginInterceptor  : afterCompletion...
2022-05-03 15:47:20.325  INFO 20224 --- [http-nio-8080-exec-1] com.abc.gcsmsys.config.LoginInterceptor  : /vendor/js/jquery.datetimepicker.css
2022-05-03 15:47:20.328  INFO 20224 --- [http-nio-8080-exec-1] com.abc.gcsmsys.config.LoginInterceptor  : postHandle...
2022-05-03 15:47:20.328  INFO 20224 --- [http-nio-8080-exec-1] com.abc.gcsmsys.config.LoginInterceptor  : afterCompletion...
2022-05-03 15:47:20.359  INFO 20224 --- [http-nio-8080-exec-5] com.abc.gcsmsys.config.LoginInterceptor  : /vendor/js/build/jquery.datetimepicker.full.js
2022-05-03 15:47:20.378  INFO 20224 --- [http-nio-8080-exec-5] com.abc.gcsmsys.config.LoginInterceptor  : postHandle...
2022-05-03 15:47:20.378  INFO 20224 --- [http-nio-8080-exec-5] com.abc.gcsmsys.config.LoginInterceptor  : afterCompletion...
2022-05-03 15:47:20.429  INFO 20224 --- [http-nio-8080-exec-3] com.abc.gcsmsys.config.LoginInterceptor  : /gcsm/images/details_open.png
2022-05-03 15:47:20.429  INFO 20224 --- [http-nio-8080-exec-3] com.abc.gcsmsys.config.LoginInterceptor  : postHandle...
2022-05-03 15:47:20.429  INFO 20224 --- [http-nio-8080-exec-3] com.abc.gcsmsys.config.LoginInterceptor  : afterCompletion...
2022-05-03 15:47:20.579  INFO 20224 --- [http-nio-8080-exec-7] com.abc.gcsmsys.config.LoginInterceptor  : /gcsm/loadAct
2022-05-03 15:47:20.587  INFO 20224 --- [http-nio-8080-exec-7] com.abc.gcsmsys.config.LoginInterceptor  : postHandle...
2022-05-03 15:47:20.600  INFO 20224 --- [http-nio-8080-exec-7] com.abc.gcsmsys.config.LoginInterceptor  : afterCompletion...
2022-05-03 15:47:23.807  INFO 20224 --- [http-nio-8080-exec-8] com.abc.gcsmsys.config.LoginInterceptor  : /gcsm/actIndex
2022-05-03 15:47:23.808  INFO 20224 --- [http-nio-8080-exec-8] com.abc.gcsmsys.config.LoginInterceptor  : postHandle...
2022-05-03 15:47:23.850  INFO 20224 --- [http-nio-8080-exec-8] com.abc.gcsmsys.config.LoginInterceptor  : afterCompletion...
2022-05-03 15:47:24.397  INFO 20224 --- [http-nio-8080-exec-2] com.abc.gcsmsys.config.LoginInterceptor  : /gcsm/actIndex
2022-05-03 15:47:24.397  INFO 20224 --- [http-nio-8080-exec-2] com.abc.gcsmsys.config.LoginInterceptor  : postHandle...
2022-05-03 15:47:24.408  INFO 20224 --- [http-nio-8080-exec-2] com.abc.gcsmsys.config.LoginInterceptor  : afterCompletion...
2022-05-03 15:47:45.181  INFO 20224 --- [http-nio-8080-exec-7] com.abc.gcsmsys.config.LoginInterceptor  : /gcsm/index
2022-05-03 15:47:45.181  INFO 20224 --- [http-nio-8080-exec-7] com.abc.gcsmsys.config.LoginInterceptor  : postHandle...
2022-05-03 15:47:45.192  INFO 20224 --- [http-nio-8080-exec-7] com.abc.gcsmsys.config.LoginInterceptor  : afterCompletion...
2022-05-03 15:47:45.659  INFO 20224 --- [http-nio-8080-exec-8] com.abc.gcsmsys.config.LoginInterceptor  : /gcsm/index
2022-05-03 15:47:45.659  INFO 20224 --- [http-nio-8080-exec-8] com.abc.gcsmsys.config.LoginInterceptor  : postHandle...
2022-05-03 15:47:45.670  INFO 20224 --- [http-nio-8080-exec-8] com.abc.gcsmsys.config.LoginInterceptor  : afterCompletion...
2022-05-03 15:47:48.043  INFO 20224 --- [http-nio-8080-exec-10] com.abc.gcsmsys.config.LoginInterceptor  : /gcsm/index
2022-05-03 15:47:48.044  INFO 20224 --- [http-nio-8080-exec-10] com.abc.gcsmsys.config.LoginInterceptor  : postHandle...
2022-05-03 15:47:48.057  INFO 20224 --- [http-nio-8080-exec-10] com.abc.gcsmsys.config.LoginInterceptor  : afterCompletion...
2022-05-03 15:47:49.700  INFO 20224 --- [http-nio-8080-exec-5] com.abc.gcsmsys.config.LoginInterceptor  : /gcsm/loadGrassRoots
2022-05-03 15:47:49.710  INFO 20224 --- [http-nio-8080-exec-5] com.abc.gcsmsys.config.LoginInterceptor  : postHandle...
2022-05-03 15:47:49.730  INFO 20224 --- [http-nio-8080-exec-5] com.abc.gcsmsys.config.LoginInterceptor  : afterCompletion...
2022-05-03 15:47:49.872  INFO 20224 --- [http-nio-8080-exec-6] com.abc.gcsmsys.config.LoginInterceptor  : /gcsm/images/details_open.png
2022-05-03 15:47:49.873  INFO 20224 --- [http-nio-8080-exec-6] com.abc.gcsmsys.config.LoginInterceptor  : postHandle...
2022-05-03 15:47:49.873  INFO 20224 --- [http-nio-8080-exec-6] com.abc.gcsmsys.config.LoginInterceptor  : afterCompletion...
2022-05-03 15:47:50.022  INFO 20224 --- [http-nio-8080-exec-9] com.abc.gcsmsys.config.LoginInterceptor  : /gcsm/loadGrassRoots
2022-05-03 15:47:50.195  INFO 20224 --- [http-nio-8080-exec-9] com.abc.gcsmsys.config.LoginInterceptor  : postHandle...
2022-05-03 15:47:50.208  INFO 20224 --- [http-nio-8080-exec-9] com.abc.gcsmsys.config.LoginInterceptor  : afterCompletion...
2022-05-03 15:48:52.596  INFO 20224 --- [http-nio-8080-exec-10] com.abc.gcsmsys.config.LoginInterceptor  : /gcsm/index
2022-05-03 15:48:52.597  INFO 20224 --- [http-nio-8080-exec-10] com.abc.gcsmsys.config.LoginInterceptor  : postHandle...
2022-05-03 15:48:52.611  INFO 20224 --- [http-nio-8080-exec-10] com.abc.gcsmsys.config.LoginInterceptor  : afterCompletion...
2022-05-03 15:48:53.061  INFO 20224 --- [http-nio-8080-exec-5] com.abc.gcsmsys.config.LoginInterceptor  : /gcsm/index
2022-05-03 15:48:53.061  INFO 20224 --- [http-nio-8080-exec-5] com.abc.gcsmsys.config.LoginInterceptor  : postHandle...
2022-05-03 15:48:53.070  INFO 20224 --- [http-nio-8080-exec-5] com.abc.gcsmsys.config.LoginInterceptor  : afterCompletion...
2022-05-03 15:49:22.593  INFO 20224 --- [http-nio-8080-exec-6] com.abc.gcsmsys.config.LoginInterceptor  : /gcsm/loadGrassRoots
2022-05-03 15:49:22.602  INFO 20224 --- [http-nio-8080-exec-6] com.abc.gcsmsys.config.LoginInterceptor  : postHandle...
2022-05-03 15:49:22.614  INFO 20224 --- [http-nio-8080-exec-6] com.abc.gcsmsys.config.LoginInterceptor  : afterCompletion...
2022-05-03 15:49:22.751  INFO 20224 --- [http-nio-8080-exec-9] com.abc.gcsmsys.config.LoginInterceptor  : /gcsm/images/details_open.png
2022-05-03 15:49:22.752  INFO 20224 --- [http-nio-8080-exec-9] com.abc.gcsmsys.config.LoginInterceptor  : postHandle...
2022-05-03 15:49:22.752  INFO 20224 --- [http-nio-8080-exec-9] com.abc.gcsmsys.config.LoginInterceptor  : afterCompletion...
2022-05-03 15:49:23.003  INFO 20224 --- [http-nio-8080-exec-3] com.abc.gcsmsys.config.LoginInterceptor  : /gcsm/loadGrassRoots
2022-05-03 15:49:23.012  INFO 20224 --- [http-nio-8080-exec-3] com.abc.gcsmsys.config.LoginInterceptor  : postHandle...
2022-05-03 15:49:23.024  INFO 20224 --- [http-nio-8080-exec-3] com.abc.gcsmsys.config.LoginInterceptor  : afterCompletion...
2022-05-03 15:49:27.612  INFO 20224 --- [http-nio-8080-exec-1] com.abc.gcsmsys.config.LoginInterceptor  : /gcsm/addGrassRoots
2022-05-03 15:49:27.612  INFO 20224 --- [http-nio-8080-exec-1] com.abc.gcsmsys.config.LoginInterceptor  : postHandle...
2022-05-03 15:49:27.624  INFO 20224 --- [http-nio-8080-exec-1] com.abc.gcsmsys.config.LoginInterceptor  : afterCompletion...
2022-05-03 15:49:27.861  INFO 20224 --- [http-nio-8080-exec-4] com.abc.gcsmsys.config.LoginInterceptor  : /gcsm/addGrassRoots
2022-05-03 15:49:27.862  INFO 20224 --- [http-nio-8080-exec-4] com.abc.gcsmsys.config.LoginInterceptor  : postHandle...
2022-05-03 15:49:27.868  INFO 20224 --- [http-nio-8080-exec-4] com.abc.gcsmsys.config.LoginInterceptor  : afterCompletion...
2022-05-03 15:52:59.826  INFO 18296 --- [restartedMain] com.abc.gcsmsys.GcsmSysApplication       : Starting GcsmSysApplication using Java 1.8.0_111 on DESKTOP-1JLVSMQ with PID 18296 (D:\project\java\GCSM-Sys\target\classes started by Administrator in D:\project\java\GCSM-Sys)
2022-05-03 15:52:59.827  INFO 18296 --- [restartedMain] com.abc.gcsmsys.GcsmSysApplication       : No active profile set, falling back to default profiles: default
2022-05-03 15:52:59.892  INFO 18296 --- [restartedMain] .e.DevToolsPropertyDefaultsPostProcessor : Devtools property defaults active! Set 'spring.devtools.add-properties' to 'false' to disable
2022-05-03 15:52:59.893  INFO 18296 --- [restartedMain] .e.DevToolsPropertyDefaultsPostProcessor : For additional web related logging consider setting the 'logging.level.web' property to 'DEBUG'
2022-05-03 15:53:01.244  INFO 18296 --- [restartedMain] o.s.b.w.embedded.tomcat.TomcatWebServer  : Tomcat initialized with port(s): 8080 (http)
2022-05-03 15:53:01.251  INFO 18296 --- [restartedMain] o.apache.catalina.core.StandardService   : Starting service [Tomcat]
2022-05-03 15:53:01.251  INFO 18296 --- [restartedMain] org.apache.catalina.core.StandardEngine  : Starting Servlet engine: [Apache Tomcat/9.0.55]
2022-05-03 15:53:01.331  INFO 18296 --- [restartedMain] o.a.c.c.C.[Tomcat].[localhost].[/]       : Initializing Spring embedded WebApplicationContext
2022-05-03 15:53:01.332  INFO 18296 --- [restartedMain] w.s.c.ServletWebServerApplicationContext : Root WebApplicationContext: initialization completed in 1439 ms
2022-05-03 15:53:03.012  INFO 18296 --- [restartedMain] o.s.b.d.a.OptionalLiveReloadServer       : LiveReload server is running on port 35729
2022-05-03 15:53:05.052  INFO 18296 --- [restartedMain] o.s.b.w.embedded.tomcat.TomcatWebServer  : Tomcat started on port(s): 8080 (http) with context path ''
2022-05-03 15:53:05.717  INFO 18296 --- [restartedMain] com.abc.gcsmsys.GcsmSysApplication       : Started GcsmSysApplication in 6.413 seconds (JVM running for 7.659)
2022-05-03 15:56:26.475  INFO 18296 --- [http-nio-8080-exec-1] o.a.c.c.C.[Tomcat].[localhost].[/]       : Initializing Spring DispatcherServlet 'dispatcherServlet'
2022-05-03 15:56:26.475  INFO 18296 --- [http-nio-8080-exec-1] o.s.web.servlet.DispatcherServlet        : Initializing Servlet 'dispatcherServlet'
2022-05-03 15:56:26.478  INFO 18296 --- [http-nio-8080-exec-1] o.s.web.servlet.DispatcherServlet        : Completed initialization in 2 ms
2022-05-03 15:56:26.493  INFO 18296 --- [http-nio-8080-exec-1] com.abc.gcsmsys.config.LoginInterceptor  : /gcsm/addGrassRoots
2022-05-03 15:56:26.494  INFO 18296 --- [http-nio-8080-exec-1] com.abc.gcsmsys.config.LoginInterceptor  : 请先登录后台操作！！
2022-05-03 15:56:30.373  INFO 18296 --- [http-nio-8080-exec-4] com.zaxxer.hikari.HikariDataSource       : HikariPool-1 - Starting...
2022-05-03 15:56:30.497  INFO 18296 --- [http-nio-8080-exec-4] com.zaxxer.hikari.HikariDataSource       : HikariPool-1 - Start completed.
2022-05-03 15:56:30.704  INFO 18296 --- [http-nio-8080-exec-5] com.abc.gcsmsys.config.LoginInterceptor  : /gcsm/index
2022-05-03 15:56:30.704  INFO 18296 --- [http-nio-8080-exec-5] com.abc.gcsmsys.config.LoginInterceptor  : postHandle...
2022-05-03 15:56:30.779  INFO 18296 --- [http-nio-8080-exec-5] com.abc.gcsmsys.config.LoginInterceptor  : afterCompletion...
2022-05-03 15:56:31.156  INFO 18296 --- [http-nio-8080-exec-6] com.abc.gcsmsys.config.LoginInterceptor  : /gcsm/index
2022-05-03 15:56:31.156  INFO 18296 --- [http-nio-8080-exec-6] com.abc.gcsmsys.config.LoginInterceptor  : postHandle...
2022-05-03 15:56:31.173  INFO 18296 --- [http-nio-8080-exec-6] com.abc.gcsmsys.config.LoginInterceptor  : afterCompletion...
2022-05-03 15:56:33.936  INFO 18296 --- [http-nio-8080-exec-7] com.abc.gcsmsys.config.LoginInterceptor  : /gcsm/index
2022-05-03 15:56:33.938  INFO 18296 --- [http-nio-8080-exec-7] com.abc.gcsmsys.config.LoginInterceptor  : postHandle...
2022-05-03 15:56:33.953  INFO 18296 --- [http-nio-8080-exec-7] com.abc.gcsmsys.config.LoginInterceptor  : afterCompletion...
2022-05-03 15:56:54.626  INFO 14828 --- [restartedMain] com.abc.gcsmsys.GcsmSysApplication       : Starting GcsmSysApplication using Java 1.8.0_111 on DESKTOP-1JLVSMQ with PID 14828 (D:\project\java\GCSM-Sys\target\classes started by Administrator in D:\project\java\GCSM-Sys)
2022-05-03 15:56:54.627  INFO 14828 --- [restartedMain] com.abc.gcsmsys.GcsmSysApplication       : No active profile set, falling back to default profiles: default
2022-05-03 15:56:54.685  INFO 14828 --- [restartedMain] .e.DevToolsPropertyDefaultsPostProcessor : Devtools property defaults active! Set 'spring.devtools.add-properties' to 'false' to disable
2022-05-03 15:56:54.685  INFO 14828 --- [restartedMain] .e.DevToolsPropertyDefaultsPostProcessor : For additional web related logging consider setting the 'logging.level.web' property to 'DEBUG'
2022-05-03 15:56:55.875  INFO 14828 --- [restartedMain] o.s.b.w.embedded.tomcat.TomcatWebServer  : Tomcat initialized with port(s): 8080 (http)
2022-05-03 15:56:55.881  INFO 14828 --- [restartedMain] o.apache.catalina.core.StandardService   : Starting service [Tomcat]
2022-05-03 15:56:55.882  INFO 14828 --- [restartedMain] org.apache.catalina.core.StandardEngine  : Starting Servlet engine: [Apache Tomcat/9.0.55]
2022-05-03 15:56:55.957  INFO 14828 --- [restartedMain] o.a.c.c.C.[Tomcat].[localhost].[/]       : Initializing Spring embedded WebApplicationContext
2022-05-03 15:56:55.957  INFO 14828 --- [restartedMain] w.s.c.ServletWebServerApplicationContext : Root WebApplicationContext: initialization completed in 1272 ms
2022-05-03 15:56:57.512  INFO 14828 --- [restartedMain] o.s.b.d.a.OptionalLiveReloadServer       : LiveReload server is running on port 35729
2022-05-03 15:57:00.626  INFO 14828 --- [restartedMain] o.s.b.w.embedded.tomcat.TomcatWebServer  : Tomcat started on port(s): 8080 (http) with context path ''
2022-05-03 15:57:01.460  INFO 14828 --- [restartedMain] com.abc.gcsmsys.GcsmSysApplication       : Started GcsmSysApplication in 7.358 seconds (JVM running for 8.534)
2022-05-03 15:57:05.674  INFO 14828 --- [http-nio-8080-exec-1] o.a.c.c.C.[Tomcat].[localhost].[/]       : Initializing Spring DispatcherServlet 'dispatcherServlet'
2022-05-03 15:57:05.675  INFO 14828 --- [http-nio-8080-exec-1] o.s.web.servlet.DispatcherServlet        : Initializing Servlet 'dispatcherServlet'
2022-05-03 15:57:05.676  INFO 14828 --- [http-nio-8080-exec-1] o.s.web.servlet.DispatcherServlet        : Completed initialization in 1 ms
2022-05-03 15:57:10.025  INFO 14828 --- [http-nio-8080-exec-5] com.zaxxer.hikari.HikariDataSource       : HikariPool-1 - Starting...
2022-05-03 15:57:10.135  INFO 14828 --- [http-nio-8080-exec-5] com.zaxxer.hikari.HikariDataSource       : HikariPool-1 - Start completed.
2022-05-03 15:57:16.064  INFO 14828 --- [http-nio-8080-exec-1] com.abc.gcsmsys.config.LoginInterceptor  : /gcsm/addHouse
2022-05-03 15:57:16.065  INFO 14828 --- [http-nio-8080-exec-1] com.abc.gcsmsys.config.LoginInterceptor  : 请先登录后台操作！！
2022-05-03 15:57:20.974  INFO 14828 --- [http-nio-8080-exec-5] com.abc.gcsmsys.config.LoginInterceptor  : /gcsm/index
2022-05-03 15:57:20.974  INFO 14828 --- [http-nio-8080-exec-5] com.abc.gcsmsys.config.LoginInterceptor  : postHandle...
2022-05-03 15:57:20.987  INFO 14828 --- [http-nio-8080-exec-5] com.abc.gcsmsys.config.LoginInterceptor  : afterCompletion...
2022-05-03 15:57:21.327  INFO 14828 --- [http-nio-8080-exec-6] com.abc.gcsmsys.config.LoginInterceptor  : /gcsm/index
2022-05-03 15:57:21.327  INFO 14828 --- [http-nio-8080-exec-6] com.abc.gcsmsys.config.LoginInterceptor  : postHandle...
2022-05-03 15:57:21.341  INFO 14828 --- [http-nio-8080-exec-6] com.abc.gcsmsys.config.LoginInterceptor  : afterCompletion...
2022-05-03 15:57:23.155  INFO 14828 --- [http-nio-8080-exec-7] com.abc.gcsmsys.config.LoginInterceptor  : /gcsm/addGrassRoots
2022-05-03 15:57:23.156  INFO 14828 --- [http-nio-8080-exec-7] com.abc.gcsmsys.config.LoginInterceptor  : postHandle...
2022-05-03 15:57:23.164  INFO 14828 --- [http-nio-8080-exec-7] com.abc.gcsmsys.config.LoginInterceptor  : afterCompletion...
2022-05-03 15:57:23.427  INFO 14828 --- [http-nio-8080-exec-8] com.abc.gcsmsys.config.LoginInterceptor  : /gcsm/addGrassRoots
2022-05-03 15:57:23.427  INFO 14828 --- [http-nio-8080-exec-8] com.abc.gcsmsys.config.LoginInterceptor  : postHandle...
2022-05-03 15:57:23.434  INFO 14828 --- [http-nio-8080-exec-8] com.abc.gcsmsys.config.LoginInterceptor  : afterCompletion...
2022-05-03 15:57:29.180  INFO 14828 --- [http-nio-8080-exec-1] com.abc.gcsmsys.config.LoginInterceptor  : /gcsm/addGrassRoots
2022-05-03 15:57:29.181  INFO 14828 --- [http-nio-8080-exec-1] com.abc.gcsmsys.config.LoginInterceptor  : postHandle...
2022-05-03 15:57:29.191  INFO 14828 --- [http-nio-8080-exec-1] com.abc.gcsmsys.config.LoginInterceptor  : afterCompletion...
2022-05-03 15:57:29.399  INFO 14828 --- [http-nio-8080-exec-2] com.abc.gcsmsys.config.LoginInterceptor  : /gcsm/addGrassRoots
2022-05-03 15:57:29.400  INFO 14828 --- [http-nio-8080-exec-2] com.abc.gcsmsys.config.LoginInterceptor  : postHandle...
2022-05-03 15:57:29.411  INFO 14828 --- [http-nio-8080-exec-2] com.abc.gcsmsys.config.LoginInterceptor  : afterCompletion...
2022-05-03 15:58:01.203  INFO 14828 --- [http-nio-8080-exec-5] com.abc.gcsmsys.config.LoginInterceptor  : /gcsm/addServeIndex
2022-05-03 15:58:01.210  INFO 14828 --- [http-nio-8080-exec-5] com.abc.gcsmsys.config.LoginInterceptor  : postHandle...
2022-05-03 15:58:01.230  INFO 14828 --- [http-nio-8080-exec-5] com.abc.gcsmsys.config.LoginInterceptor  : afterCompletion...
2022-05-03 15:58:01.778  INFO 14828 --- [http-nio-8080-exec-6] com.abc.gcsmsys.config.LoginInterceptor  : /gcsm/addServeIndex
2022-05-03 15:58:01.781  INFO 14828 --- [http-nio-8080-exec-6] com.abc.gcsmsys.config.LoginInterceptor  : postHandle...
2022-05-03 15:58:01.794  INFO 14828 --- [http-nio-8080-exec-6] com.abc.gcsmsys.config.LoginInterceptor  : afterCompletion...
2022-05-03 15:58:05.271  INFO 14828 --- [http-nio-8080-exec-7] com.abc.gcsmsys.config.LoginInterceptor  : /gcsm/addHouse
2022-05-03 15:58:05.272  INFO 14828 --- [http-nio-8080-exec-7] com.abc.gcsmsys.config.LoginInterceptor  : postHandle...
2022-05-03 15:58:05.300  INFO 14828 --- [http-nio-8080-exec-7] com.abc.gcsmsys.config.LoginInterceptor  : afterCompletion...
2022-05-03 15:58:05.573  INFO 14828 --- [http-nio-8080-exec-8] com.abc.gcsmsys.config.LoginInterceptor  : /gcsm/addHouse
2022-05-03 15:58:05.574  INFO 14828 --- [http-nio-8080-exec-8] com.abc.gcsmsys.config.LoginInterceptor  : postHandle...
2022-05-03 15:58:05.582  INFO 14828 --- [http-nio-8080-exec-8] com.abc.gcsmsys.config.LoginInterceptor  : afterCompletion...
2022-05-03 15:58:53.145  INFO 14828 --- [http-nio-8080-exec-10] com.abc.gcsmsys.config.LoginInterceptor  : /gcsm/addResident
2022-05-03 15:58:53.152  INFO 14828 --- [http-nio-8080-exec-10] com.abc.gcsmsys.config.LoginInterceptor  : postHandle...
2022-05-03 15:58:53.192  INFO 14828 --- [http-nio-8080-exec-10] com.abc.gcsmsys.config.LoginInterceptor  : afterCompletion...
2022-05-03 15:58:53.550  INFO 14828 --- [http-nio-8080-exec-1] com.abc.gcsmsys.config.LoginInterceptor  : /gcsm/addResident
2022-05-03 15:58:53.553  INFO 14828 --- [http-nio-8080-exec-1] com.abc.gcsmsys.config.LoginInterceptor  : postHandle...
2022-05-03 15:58:53.562  INFO 14828 --- [http-nio-8080-exec-1] com.abc.gcsmsys.config.LoginInterceptor  : afterCompletion...
2022-05-03 16:07:54.158  INFO 14528 --- [restartedMain] com.abc.gcsmsys.GcsmSysApplication       : Starting GcsmSysApplication using Java 1.8.0_111 on DESKTOP-1JLVSMQ with PID 14528 (D:\project\java\GCSM-Sys\target\classes started by Administrator in D:\project\java\GCSM-Sys)
2022-05-03 16:07:54.160  INFO 14528 --- [restartedMain] com.abc.gcsmsys.GcsmSysApplication       : No active profile set, falling back to default profiles: default
2022-05-03 16:07:54.222  INFO 14528 --- [restartedMain] .e.DevToolsPropertyDefaultsPostProcessor : Devtools property defaults active! Set 'spring.devtools.add-properties' to 'false' to disable
2022-05-03 16:07:54.222  INFO 14528 --- [restartedMain] .e.DevToolsPropertyDefaultsPostProcessor : For additional web related logging consider setting the 'logging.level.web' property to 'DEBUG'
2022-05-03 16:07:55.415  INFO 14528 --- [restartedMain] o.s.b.w.embedded.tomcat.TomcatWebServer  : Tomcat initialized with port(s): 8080 (http)
2022-05-03 16:07:55.421  INFO 14528 --- [restartedMain] o.apache.catalina.core.StandardService   : Starting service [Tomcat]
2022-05-03 16:07:55.421  INFO 14528 --- [restartedMain] org.apache.catalina.core.StandardEngine  : Starting Servlet engine: [Apache Tomcat/9.0.55]
2022-05-03 16:07:55.500  INFO 14528 --- [restartedMain] o.a.c.c.C.[Tomcat].[localhost].[/]       : Initializing Spring embedded WebApplicationContext
2022-05-03 16:07:55.500  INFO 14528 --- [restartedMain] w.s.c.ServletWebServerApplicationContext : Root WebApplicationContext: initialization completed in 1277 ms
2022-05-03 16:07:57.090  INFO 14528 --- [restartedMain] o.s.b.d.a.OptionalLiveReloadServer       : LiveReload server is running on port 35729
2022-05-03 16:07:59.229  INFO 14528 --- [restartedMain] o.s.b.w.embedded.tomcat.TomcatWebServer  : Tomcat started on port(s): 8080 (http) with context path ''
2022-05-03 16:07:59.400  INFO 14528 --- [http-nio-8080-exec-1] o.a.c.c.C.[Tomcat].[localhost].[/]       : Initializing Spring DispatcherServlet 'dispatcherServlet'
2022-05-03 16:07:59.400  INFO 14528 --- [http-nio-8080-exec-1] o.s.web.servlet.DispatcherServlet        : Initializing Servlet 'dispatcherServlet'
2022-05-03 16:07:59.401  INFO 14528 --- [http-nio-8080-exec-1] o.s.web.servlet.DispatcherServlet        : Completed initialization in 1 ms
2022-05-03 16:07:59.426  INFO 14528 --- [http-nio-8080-exec-1] com.abc.gcsmsys.config.LoginInterceptor  : /gcsm/addResident
2022-05-03 16:07:59.427  INFO 14528 --- [http-nio-8080-exec-1] com.abc.gcsmsys.config.LoginInterceptor  : 请先登录后台操作！！
2022-05-03 16:07:59.822  INFO 14528 --- [restartedMain] com.abc.gcsmsys.GcsmSysApplication       : Started GcsmSysApplication in 6.115 seconds (JVM running for 7.583)
2022-05-03 16:08:06.153  INFO 14528 --- [http-nio-8080-exec-4] com.zaxxer.hikari.HikariDataSource       : HikariPool-1 - Starting...
2022-05-03 16:08:06.269  INFO 14528 --- [http-nio-8080-exec-4] com.zaxxer.hikari.HikariDataSource       : HikariPool-1 - Start completed.
2022-05-03 16:08:06.490  INFO 14528 --- [http-nio-8080-exec-5] com.abc.gcsmsys.config.LoginInterceptor  : /gcsm/index
2022-05-03 16:08:06.491  INFO 14528 --- [http-nio-8080-exec-5] com.abc.gcsmsys.config.LoginInterceptor  : postHandle...
2022-05-03 16:08:06.559  INFO 14528 --- [http-nio-8080-exec-5] com.abc.gcsmsys.config.LoginInterceptor  : afterCompletion...
2022-05-03 16:08:06.971  INFO 14528 --- [http-nio-8080-exec-6] com.abc.gcsmsys.config.LoginInterceptor  : /gcsm/index
2022-05-03 16:08:06.971  INFO 14528 --- [http-nio-8080-exec-6] com.abc.gcsmsys.config.LoginInterceptor  : postHandle...
2022-05-03 16:08:06.991  INFO 14528 --- [http-nio-8080-exec-6] com.abc.gcsmsys.config.LoginInterceptor  : afterCompletion...
2022-05-03 16:11:38.082  INFO 14528 --- [http-nio-8080-exec-10] com.abc.gcsmsys.config.LoginInterceptor  : /gcsm/addResident
2022-05-03 16:11:38.091  INFO 14528 --- [http-nio-8080-exec-10] com.abc.gcsmsys.config.LoginInterceptor  : postHandle...
2022-05-03 16:11:38.112  INFO 14528 --- [http-nio-8080-exec-10] com.abc.gcsmsys.config.LoginInterceptor  : afterCompletion...
2022-05-03 16:11:38.489  INFO 14528 --- [http-nio-8080-exec-1] com.abc.gcsmsys.config.LoginInterceptor  : /gcsm/addResident
2022-05-03 16:11:38.494  INFO 14528 --- [http-nio-8080-exec-1] com.abc.gcsmsys.config.LoginInterceptor  : postHandle...
2022-05-03 16:11:38.509  INFO 14528 --- [http-nio-8080-exec-1] com.abc.gcsmsys.config.LoginInterceptor  : afterCompletion...
2022-05-03 16:11:41.856  INFO 14528 --- [http-nio-8080-exec-2] com.abc.gcsmsys.config.LoginInterceptor  : /gcsm/serveOrders
2022-05-03 16:11:41.903  INFO 14528 --- [http-nio-8080-exec-2] com.abc.gcsmsys.config.LoginInterceptor  : postHandle...
2022-05-03 16:11:41.953  INFO 14528 --- [http-nio-8080-exec-2] com.abc.gcsmsys.config.LoginInterceptor  : afterCompletion...
2022-05-03 16:11:42.083  INFO 14528 --- [http-nio-8080-exec-3] com.abc.gcsmsys.config.LoginInterceptor  : /gcsm/images/details_open.png
2022-05-03 16:11:42.084  INFO 14528 --- [http-nio-8080-exec-3] com.abc.gcsmsys.config.LoginInterceptor  : postHandle...
2022-05-03 16:11:42.084  INFO 14528 --- [http-nio-8080-exec-3] com.abc.gcsmsys.config.LoginInterceptor  : afterCompletion...
2022-05-03 16:11:42.185  INFO 14528 --- [http-nio-8080-exec-4] com.abc.gcsmsys.config.LoginInterceptor  : /gcsm/serveOrders
2022-05-03 16:11:42.198  INFO 14528 --- [http-nio-8080-exec-4] com.abc.gcsmsys.config.LoginInterceptor  : postHandle...
2022-05-03 16:11:42.211  INFO 14528 --- [http-nio-8080-exec-4] com.abc.gcsmsys.config.LoginInterceptor  : afterCompletion...
2022-05-03 16:11:45.792  INFO 14528 --- [http-nio-8080-exec-5] com.abc.gcsmsys.config.LoginInterceptor  : /gcsm/serveOrders
2022-05-03 16:11:45.803  INFO 14528 --- [http-nio-8080-exec-5] com.abc.gcsmsys.config.LoginInterceptor  : postHandle...
2022-05-03 16:11:45.819  INFO 14528 --- [http-nio-8080-exec-5] com.abc.gcsmsys.config.LoginInterceptor  : afterCompletion...
2022-05-03 16:11:45.946  INFO 14528 --- [http-nio-8080-exec-6] com.abc.gcsmsys.config.LoginInterceptor  : /gcsm/images/details_open.png
2022-05-03 16:11:45.946  INFO 14528 --- [http-nio-8080-exec-6] com.abc.gcsmsys.config.LoginInterceptor  : postHandle...
2022-05-03 16:11:45.946  INFO 14528 --- [http-nio-8080-exec-6] com.abc.gcsmsys.config.LoginInterceptor  : afterCompletion...
2022-05-03 16:11:46.065  INFO 14528 --- [http-nio-8080-exec-8] com.abc.gcsmsys.config.LoginInterceptor  : /gcsm/serveOrders
2022-05-03 16:11:46.073  INFO 14528 --- [http-nio-8080-exec-8] com.abc.gcsmsys.config.LoginInterceptor  : postHandle...
2022-05-03 16:11:46.086  INFO 14528 --- [http-nio-8080-exec-8] com.abc.gcsmsys.config.LoginInterceptor  : afterCompletion...
2022-05-03 16:11:47.216  INFO 14528 --- [http-nio-8080-exec-7] com.abc.gcsmsys.config.LoginInterceptor  : /gcsm/serveOrders
2022-05-03 16:11:47.224  INFO 14528 --- [http-nio-8080-exec-7] com.abc.gcsmsys.config.LoginInterceptor  : postHandle...
2022-05-03 16:11:47.390  INFO 14528 --- [http-nio-8080-exec-7] com.abc.gcsmsys.config.LoginInterceptor  : afterCompletion...
2022-05-03 16:11:47.463  INFO 14528 --- [http-nio-8080-exec-9] com.abc.gcsmsys.config.LoginInterceptor  : /gcsm/images/details_open.png
2022-05-03 16:11:47.463  INFO 14528 --- [http-nio-8080-exec-9] com.abc.gcsmsys.config.LoginInterceptor  : postHandle...
2022-05-03 16:11:47.463  INFO 14528 --- [http-nio-8080-exec-9] com.abc.gcsmsys.config.LoginInterceptor  : afterCompletion...
2022-05-03 16:11:47.557  INFO 14528 --- [http-nio-8080-exec-10] com.abc.gcsmsys.config.LoginInterceptor  : /gcsm/serveOrders
2022-05-03 16:11:47.574  INFO 14528 --- [http-nio-8080-exec-10] com.abc.gcsmsys.config.LoginInterceptor  : postHandle...
2022-05-03 16:11:47.586  INFO 14528 --- [http-nio-8080-exec-10] com.abc.gcsmsys.config.LoginInterceptor  : afterCompletion...
